Drill report for C:/Users/ACER/Documents/GitHub/Sensor_ControlDC_PCB-5/Sensado_Control_DC_5/Sensado_Control_DC_5.kicad_pcb
Created on 05/10/2017 12:22:36

Copper Layer Stackup:
    =============================================================
    L1 :  F.Cu                      front
    L2 :  B.Cu                      back


Drill file 'C:Sensado_Control_DC_5.drl' contains
    plated through holes:
    =============================================================
    T1  0,40mm  0,016"  (443 holes)
    T2  0,50mm  0,020"  (32 holes)
    T3  0,80mm  0,031"  (88 holes)
    T4  1,00mm  0,039"  (74 holes)
    T5  1,80mm  0,071"  (8 holes)
    T6  3,20mm  0,126"  (4 holes)

    Total plated holes count 649


Drill file 'C:Sensado_Control_DC_5-NPTH.drl' contains
    unplated through holes:
    =============================================================

    Total unplated holes count 0
